# JRE version: OpenJDK Runtime Environment (11.0.4+10) (build 11.0.4+10-b304.69)
# Java VM: OpenJDK 64-Bit Server VM (11.0.4+10-b304.69, mixed mode, sharing, tiered, compressed oops, g1 gc, windows-amd64)
Heap:
 garbage-first heap   total 378880K, used 26644K [0x0000000701200000, 0x0000000800000000)
  region size 1024K, 12 young (12288K), 12 survivors (12288K)
 Metaspace       used 58055K, capacity 60329K, committed 60420K, reserved 1101824K
  class space    used 7972K, capacity 8874K, committed 8908K, reserved 1048576K
GC Heap History (10 events):
Event: 2.382 GC heap after
{Heap after GC invocations=4 (full 0):
 garbage-first heap   total 262144K, used 13053K [0x0000000701200000, 0x0000000800000000)
  region size 1024K, 7 young (7168K), 7 survivors (7168K)
 Metaspace       used 19832K, capacity 20704K, committed 20864K, reserved 1067008K
  class space    used 2718K, capacity 3081K, committed 3200K, reserved 1048576K
}
Event: 2.420 GC heap before
{Heap before GC invocations=4 (full 0):
 garbage-first heap   total 262144K, used 18173K [0x0000000701200000, 0x0000000800000000)
  region size 1024K, 13 young (13312K), 7 survivors (7168K)
 Metaspace       used 20285K, capacity 21120K, committed 21296K, reserved 1067008K
  class space    used 2769K, capacity 3113K, committed 3200K, reserved 1048576K
}
Event: 2.429 GC heap after
{Heap after GC invocations=5 (full 0):
 garbage-first heap   total 315392K, used 12959K [0x0000000701200000, 0x0000000800000000)
  region size 1024K, 7 young (7168K), 7 survivors (7168K)
 Metaspace       used 20285K, capacity 21120K, committed 21296K, reserved 1067008K
  class space    used 2769K, capacity 3113K, committed 3200K, reserved 1048576K
}
Event: 3.460 GC heap before
{Heap before GC invocations=6 (full 0):
 garbage-first heap   total 315392K, used 136863K [0x0000000701200000, 0x0000000800000000)
  region size 1024K, 129 young (132096K), 7 survivors (7168K)
 Metaspace       used 28284K, capacity 29605K, committed 29744K, reserved 1075200K
  class space    used 3896K, capacity 4407K, committed 4480K, reserved 1048576K
}
Event: 3.470 GC heap after
{Heap after GC invocations=7 (full 0):
 garbage-first heap   total 315392K, used 17158K [0x0000000701200000, 0x0000000800000000)
  region size 1024K, 11 young (11264K), 11 survivors (11264K)
 Metaspace       used 28284K, capacity 29605K, committed 29744K, reserved 1075200K
  class space    used 3896K, capacity 4407K, committed 4480K, reserved 1048576K
}
Event: 4.035 GC heap before
{Heap before GC invocations=7 (full 0):
 garbage-first heap   total 315392K, used 70406K [0x0000000701200000, 0x0000000800000000)
  region size 1024K, 65 young (66560K), 11 survivors (11264K)
 Metaspace       used 34465K, capacity 35857K, committed 35920K, reserved 1079296K
  class space    used 4814K, capacity 5361K, committed 5376K, reserved 1048576K
}
Event: 4.053 GC heap after
{Heap after GC invocations=8 (full 0):
 garbage-first heap   total 315392K, used 18748K [0x0000000701200000, 0x0000000800000000)
  region size 1024K, 13 young (13312K), 13 survivors (13312K)
 Metaspace       used 34465K, capacity 35857K, committed 35920K, reserved 1079296K
  class space    used 4814K, capacity 5361K, committed 5376K, reserved 1048576K
}
Event: 6.065 GC heap before
{Heap before GC invocations=9 (full 0):
 garbage-first heap   total 315392K, used 186684K [0x0000000701200000, 0x0000000800000000)
  region size 1024K, 177 young (181248K), 13 survivors (13312K)
 Metaspace       used 53260K, capacity 55533K, committed 55836K, reserved 1097728K
  class space    used 7422K, capacity 8305K, committed 8396K, reserved 1048576K
}
Event: 6.084 GC heap after
{Heap after GC invocations=10 (full 0):
 garbage-first heap   total 315392K, used 26347K [0x0000000701200000, 0x0000000800000000)
  region size 1024K, 19 young (19456K), 19 survivors (19456K)
 Metaspace       used 53260K, capacity 55533K, committed 55836K, reserved 1097728K
  class space    used 7422K, capacity 8305K, committed 8396K, reserved 1048576K
}
Event: 62.723 GC heap before
{Heap before GC invocations=10 (full 0):
 garbage-first heap   total 315392K, used 58091K [0x0000000701200000, 0x0000000800000000)
  region size 1024K, 51 young (52224K), 19 survivors (19456K)
 Metaspace       used 58055K, capacity 60329K, committed 60420K, reserved 1101824K
  class space    used 7972K, capacity 8874K, committed 8908K, reserved 1048576K
}

