# JRE version: Java(TM) SE Runtime Environment 18.9 (11.0.10+8) (build 11.0.10+8-LTS-162)
# Java VM: Java HotSpot(TM) 64-Bit Server VM 18.9 (11.0.10+8-LTS-162, mixed mode, tiered, compressed oops, g1 gc, windows-amd64)
Heap:
 garbage-first heap   total 315392K, used 11190K [0x0000000701200000, 0x0000000800000000)
  region size 1024K, 5 young (5120K), 5 survivors (5120K)
 Metaspace       used 23284K, capacity 23946K, committed 24192K, reserved 1071104K
  class space    used 2843K, capacity 3107K, committed 3200K, reserved 1048576K
GC Heap History (9 events):
Event: 0.400 GC heap before
{Heap before GC invocations=0 (full 0):
 garbage-first heap   total 262144K, used 14336K [0x0000000701200000, 0x0000000800000000)
  region size 1024K, 14 young (14336K), 0 survivors (0K)
 Metaspace       used 8777K, capacity 8890K, committed 9088K, reserved 1056768K
  class space    used 811K, capacity 879K, committed 896K, reserved 1048576K
}
Event: 0.403 GC heap after
{Heap after GC invocations=1 (full 0):
 garbage-first heap   total 262144K, used 6164K [0x0000000701200000, 0x0000000800000000)
  region size 1024K, 2 young (2048K), 2 survivors (2048K)
 Metaspace       used 8777K, capacity 8890K, committed 9088K, reserved 1056768K
  class space    used 811K, capacity 879K, committed 896K, reserved 1048576K
}
Event: 0.657 GC heap before
{Heap before GC invocations=1 (full 0):
 garbage-first heap   total 262144K, used 26644K [0x0000000701200000, 0x0000000800000000)
  region size 1024K, 22 young (22528K), 2 survivors (2048K)
 Metaspace       used 13721K, capacity 14043K, committed 14208K, reserved 1062912K
  class space    used 1469K, capacity 1609K, committed 1664K, reserved 1048576K
}
Event: 0.660 GC heap after
{Heap after GC invocations=2 (full 0):
 garbage-first heap   total 262144K, used 7392K [0x0000000701200000, 0x0000000800000000)
  region size 1024K, 2 young (2048K), 2 survivors (2048K)
 Metaspace       used 13721K, capacity 14043K, committed 14208K, reserved 1062912K
  class space    used 1469K, capacity 1609K, committed 1664K, reserved 1048576K
}
Event: 0.846 GC heap before
{Heap before GC invocations=2 (full 0):
 garbage-first heap   total 262144K, used 35040K [0x0000000701200000, 0x0000000800000000)
  region size 1024K, 29 young (29696K), 2 survivors (2048K)
 Metaspace       used 18194K, capacity 18672K, committed 18816K, reserved 1064960K
  class space    used 2143K, capacity 2320K, committed 2432K, reserved 1048576K
}
Event: 0.849 GC heap after
{Heap after GC invocations=3 (full 0):
 garbage-first heap   total 262144K, used 8578K [0x0000000701200000, 0x0000000800000000)
  region size 1024K, 3 young (3072K), 3 survivors (3072K)
 Metaspace       used 18194K, capacity 18672K, committed 18816K, reserved 1064960K
  class space    used 2143K, capacity 2320K, committed 2432K, reserved 1048576K
}
Event: 0.940 GC heap before
{Heap before GC invocations=3 (full 0):
 garbage-first heap   total 262144K, used 28034K [0x0000000701200000, 0x0000000800000000)
  region size 1024K, 23 young (23552K), 3 survivors (3072K)
 Metaspace       used 20685K, capacity 21189K, committed 21296K, reserved 1069056K
  class space    used 2492K, capacity 2688K, committed 2688K, reserved 1048576K
}
Event: 0.943 GC heap after
{Heap after GC invocations=4 (full 0):
 garbage-first heap   total 262144K, used 9449K [0x0000000701200000, 0x0000000800000000)
  region size 1024K, 4 young (4096K), 4 survivors (4096K)
 Metaspace       used 20685K, capacity 21189K, committed 21296K, reserved 1069056K
  class space    used 2492K, capacity 2688K, committed 2688K, reserved 1048576K
}
Event: 1.212 GC heap before
{Heap before GC invocations=5 (full 0):
 garbage-first heap   total 262144K, used 80105K [0x0000000701200000, 0x0000000800000000)
  region size 1024K, 74 young (75776K), 4 survivors (4096K)
 Metaspace       used 23284K, capacity 23946K, committed 24192K, reserved 1071104K
  class space    used 2843K, capacity 3107K, committed 3200K, reserved 1048576K
}

